{"meta": {"format": 3, "version": "7.12.0", "timestamp": "2026-02-14T22:31:06.179293", "branch_coverage": true, "show_contexts": false}, "files": {"arcagent/tools/__init__.py": {"executed_lines": [1, 8, 10, 12, 15, 20, 21, 22, 23, 25], "summary": {"covered_lines": 9, "num_statements": 9, "percent_covered": 100.0, "percent_covered_display": "100", "missing_lines": 0, "excluded_lines": 0, "percent_statements_covered": 100.0, "percent_statements_covered_display": "100", "num_branches": 0, "num_partial_branches": 0, "covered_branches": 0, "missing_branches": 0, "percent_branches_covered": 100.0, "percent_branches_covered_display": "100"}, "missing_lines": [], "excluded_lines": [], "executed_branches": [], "missing_branches": [], "functions": {"create_builtin_tools": {"executed_lines": [20, 21, 22, 23, 25], "summary": {"covered_lines": 5, "num_statements": 5, "percent_covered": 100.0, "percent_covered_display": "100", "missing_lines": 0, "excluded_lines": 0, "percent_statements_covered": 100.0, "percent_statements_covered_display": "100", "num_branches": 0, "num_partial_branches": 0, "covered_branches": 0, "missing_branches": 0, "percent_branches_covered": 100.0, "percent_branches_covered_display": "100"}, "missing_lines": [], "excluded_lines": [], "executed_branches": [], "missing_branches": []}, "": {"executed_lines": [1, 8, 10, 12, 15], "summary": {"covered_lines": 4, "num_statements": 4, "percent_covered": 100.0, "percent_covered_display": "100", "missing_lines": 0, "excluded_lines": 0, "percent_statements_covered": 100.0, "percent_statements_covered_display": "100", "num_branches": 0, "num_partial_branches": 0, "covered_branches": 0, "missing_branches": 0, "percent_branches_covered": 100.0, "percent_branches_covered_display": "100"}, "missing_lines": [], "excluded_lines": [], "executed_branches": [], "missing_branches": []}}, "classes": {"": {"executed_lines": [1, 8, 10, 12, 15, 20, 21, 22, 23, 25], "summary": {"covered_lines": 9, "num_statements": 9, "percent_covered": 100.0, "percent_covered_display": "100", "missing_lines": 0, "excluded_lines": 0, "percent_statements_covered": 100.0, "percent_statements_covered_display": "100", "num_branches": 0, "num_partial_branches": 0, "covered_branches": 0, "missing_branches": 0, "percent_branches_covered": 100.0, "percent_branches_covered_display": "100"}, "missing_lines": [], "excluded_lines": [], "executed_branches": [], "missing_branches": []}}}, "arcagent/tools/_validation.py": {"executed_lines": [1, 8, 10, 12, 15], "summary": {"covered_lines": 4, "num_statements": 14, "percent_covered": 25.0, "percent_covered_display": "25", "missing_lines": 10, "excluded_lines": 0, "percent_statements_covered": 28.571428571428573, "percent_statements_covered_display": "29", "num_branches": 2, "num_partial_branches": 0, "covered_branches": 0, "missing_branches": 2, "percent_branches_covered": 0.0, "percent_branches_covered_display": "0"}, "missing_lines": [25, 26, 28, 29, 31, 33, 34, 35, 36, 42], "excluded_lines": [], "executed_branches": [], "missing_branches": [[28, 29], [28, 31]], "functions": {"resolve_workspace_path": {"executed_lines": [], "summary": {"covered_lines": 0, "num_statements": 10, "percent_covered": 0.0, "percent_covered_display": "0", "missing_lines": 10, "excluded_lines": 0, "percent_statements_covered": 0.0, "percent_statements_covered_display": "0", "num_branches": 2, "num_partial_branches": 0, "covered_branches": 0, "missing_branches": 2, "percent_branches_covered": 0.0, "percent_branches_covered_display": "0"}, "missing_lines": [25, 26, 28, 29, 31, 33, 34, 35, 36, 42], "excluded_lines": [], "executed_branches": [], "missing_branches": [[28, 29], [28, 31]]}, "": {"executed_lines": [1, 8, 10, 12, 15], "summary": {"covered_lines": 4, "num_statements": 4, "percent_covered": 100.0, "percent_covered_display": "100", "missing_lines": 0, "excluded_lines": 0, "percent_statements_covered": 100.0, "percent_statements_covered_display": "100", "num_branches": 0, "num_partial_branches": 0, "covered_branches": 0, "missing_branches": 0, "percent_branches_covered": 100.0, "percent_branches_covered_display": "100"}, "missing_lines": [], "excluded_lines": [], "executed_branches": [], "missing_branches": []}}, "classes": {"": {"executed_lines": [1, 8, 10, 12, 15], "summary": {"covered_lines": 4, "num_statements": 14, "percent_covered": 25.0, "percent_covered_display": "25", "missing_lines": 10, "excluded_lines": 0, "percent_statements_covered": 28.571428571428573, "percent_statements_covered_display": "29", "num_branches": 2, "num_partial_branches": 0, "covered_branches": 0, "missing_branches": 2, "percent_branches_covered": 0.0, "percent_branches_covered_display": "0"}, "missing_lines": [25, 26, 28, 29, 31, 33, 34, 35, 36, 42], "excluded_lines": [], "executed_branches": [], "missing_branches": [[28, 29], [28, 31]]}}}, "arcagent/tools/bash.py": {"executed_lines": [1, 8, 10, 11, 12, 14, 16, 18, 34, 36, 38, 80], "summary": {"covered_lines": 11, "num_statements": 29, "percent_covered": 29.72972972972973, "percent_covered_display": "30", "missing_lines": 18, "excluded_lines": 0, "percent_statements_covered": 37.93103448275862, "percent_statements_covered_display": "38", "num_branches": 8, "num_partial_branches": 0, "covered_branches": 0, "missing_branches": 8, "percent_branches_covered": 0.0, "percent_branches_covered_display": "0"}, "missing_lines": [45, 46, 52, 56, 57, 58, 59, 61, 62, 63, 64, 65, 67, 69, 70, 75, 76, 78], "excluded_lines": [], "executed_branches": [], "missing_branches": [[62, 63], [62, 64], [64, 65], [64, 67], [69, 70], [69, 75], [75, 76], [75, 78]], "functions": {"create_tool": {"executed_lines": [36, 38, 80], "summary": {"covered_lines": 3, "num_statements": 3, "percent_covered": 100.0, "percent_covered_display": "100", "missing_lines": 0, "excluded_lines": 0, "percent_statements_covered": 100.0, "percent_statements_covered_display": "100", "num_branches": 0, "num_partial_branches": 0, "covered_branches": 0, "missing_branches": 0, "percent_branches_covered": 100.0, "percent_branches_covered_display": "100"}, "missing_lines": [], "excluded_lines": [], "executed_branches": [], "missing_branches": []}, "create_tool.execute": {"executed_lines": [], "summary": {"covered_lines": 0, "num_statements": 18, "percent_covered": 0.0, "percent_covered_display": "0", "missing_lines": 18, "excluded_lines": 0, "percent_statements_covered": 0.0, "percent_statements_covered_display": "0", "num_branches": 8, "num_partial_branches": 0, "covered_branches": 0, "missing_branches": 8, "percent_branches_covered": 0.0, "percent_branches_covered_display": "0"}, "missing_lines": [45, 46, 52, 56, 57, 58, 59, 61, 62, 63, 64, 65, 67, 69, 70, 75, 76, 78], "excluded_lines": [], "executed_branches": [], "missing_branches": [[62, 63], [62, 64], [64, 65], [64, 67], [69, 70], [69, 75], [75, 76], [75, 78]]}, "": {"executed_lines": [1, 8, 10, 11, 12, 14, 16, 18, 34], "summary": {"covered_lines": 8, "num_statements": 8, "percent_covered": 100.0, "percent_covered_display": "100", "missing_lines": 0, "excluded_lines": 0, "percent_statements_covered": 100.0, "percent_statements_covered_display": "100", "num_branches": 0, "num_partial_branches": 0, "covered_branches": 0, "missing_branches": 0, "percent_branches_covered": 100.0, "percent_branches_covered_display": "100"}, "missing_lines": [], "excluded_lines": [], "executed_branches": [], "missing_branches": []}}, "classes": {"": {"executed_lines": [1, 8, 10, 11, 12, 14, 16, 18, 34, 36, 38, 80], "summary": {"covered_lines": 11, "num_statements": 29, "percent_covered": 29.72972972972973, "percent_covered_display": "30", "missing_lines": 18, "excluded_lines": 0, "percent_statements_covered": 37.93103448275862, "percent_statements_covered_display": "38", "num_branches": 8, "num_partial_branches": 0, "covered_branches": 0, "missing_branches": 8, "percent_branches_covered": 0.0, "percent_branches_covered_display": "0"}, "missing_lines": [45, 46, 52, 56, 57, 58, 59, 61, 62, 63, 64, 65, 67, 69, 70, 75, 76, 78], "excluded_lines": [], "executed_branches": [], "missing_branches": [[62, 63], [62, 64], [64, 65], [64, 67], [69, 70], [69, 75], [75, 76], [75, 78]]}}}, "arcagent/tools/edit.py": {"executed_lines": [1, 7, 9, 10, 12, 13, 15, 45, 47, 49, 88], "summary": {"covered_lines": 10, "num_statements": 26, "percent_covered": 27.77777777777778, "percent_covered_display": "28", "missing_lines": 16, "excluded_lines": 0, "percent_statements_covered": 38.46153846153846, "percent_statements_covered_display": "38", "num_branches": 10, "num_partial_branches": 0, "covered_branches": 0, "missing_branches": 10, "percent_branches_covered": 0.0, "percent_branches_covered_display": "0"}, "missing_lines": [58, 60, 61, 63, 64, 66, 68, 69, 71, 73, 74, 79, 80, 82, 84, 86], "excluded_lines": [], "executed_branches": [], "missing_branches": [[60, 61], [60, 63], [63, 64], [63, 66], [68, 69], [68, 71], [73, 74], [73, 79], [79, 80], [79, 82]], "functions": {"create_tool": {"executed_lines": [47, 49, 88], "summary": {"covered_lines": 3, "num_statements": 3, "percent_covered": 100.0, "percent_covered_display": "100", "missing_lines": 0, "excluded_lines": 0, "percent_statements_covered": 100.0, "percent_statements_covered_display": "100", "num_branches": 0, "num_partial_branches": 0, "covered_branches": 0, "missing_branches": 0, "percent_branches_covered": 100.0, "percent_branches_covered_display": "100"}, "missing_lines": [], "excluded_lines": [], "executed_branches": [], "missing_branches": []}, "create_tool.execute": {"executed_lines": [], "summary": {"covered_lines": 0, "num_statements": 16, "percent_covered": 0.0, "percent_covered_display": "0", "missing_lines": 16, "excluded_lines": 0, "percent_statements_covered": 0.0, "percent_statements_covered_display": "0", "num_branches": 10, "num_partial_branches": 0, "covered_branches": 0, "missing_branches": 10, "percent_branches_covered": 0.0, "percent_branches_covered_display": "0"}, "missing_lines": [58, 60, 61, 63, 64, 66, 68, 69, 71, 73, 74, 79, 80, 82, 84, 86], "excluded_lines": [], "executed_branches": [], "missing_branches": [[60, 61], [60, 63], [63, 64], [63, 66], [68, 69], [68, 71], [73, 74], [73, 79], [79, 80], [79, 82]]}, "": {"executed_lines": [1, 7, 9, 10, 12, 13, 15, 45], "summary": {"covered_lines": 7, "num_statements": 7, "percent_covered": 100.0, "percent_covered_display": "100", "missing_lines": 0, "excluded_lines": 0, "percent_statements_covered": 100.0, "percent_statements_covered_display": "100", "num_branches": 0, "num_partial_branches": 0, "covered_branches": 0, "missing_branches": 0, "percent_branches_covered": 100.0, "percent_branches_covered_display": "100"}, "missing_lines": [], "excluded_lines": [], "executed_branches": [], "missing_branches": []}}, "classes": {"": {"executed_lines": [1, 7, 9, 10, 12, 13, 15, 45, 47, 49, 88], "summary": {"covered_lines": 10, "num_statements": 26, "percent_covered": 27.77777777777778, "percent_covered_display": "28", "missing_lines": 16, "excluded_lines": 0, "percent_statements_covered": 38.46153846153846, "percent_statements_covered_display": "38", "num_branches": 10, "num_partial_branches": 0, "covered_branches": 0, "missing_branches": 10, "percent_branches_covered": 0.0, "percent_branches_covered_display": "0"}, "missing_lines": [58, 60, 61, 63, 64, 66, 68, 69, 71, 73, 74, 79, 80, 82, 84, 86], "excluded_lines": [], "executed_branches": [], "missing_branches": [[60, 61], [60, 63], [63, 64], [63, 66], [68, 69], [68, 71], [73, 74], [73, 79], [79, 80], [79, 82]]}}}, "arcagent/tools/read.py": {"executed_lines": [1, 7, 9, 10, 12, 13, 15, 41, 43, 45, 78], "summary": {"covered_lines": 10, "num_statements": 25, "percent_covered": 30.303030303030305, "percent_covered_display": "30", "missing_lines": 15, "excluded_lines": 0, "percent_statements_covered": 40.0, "percent_statements_covered_display": "40", "num_branches": 8, "num_partial_branches": 0, "covered_branches": 0, "missing_branches": 8, "percent_branches_covered": 0.0, "percent_branches_covered_display": "0"}, "missing_lines": [53, 55, 56, 58, 59, 61, 62, 65, 66, 67, 69, 72, 73, 74, 76], "excluded_lines": [], "executed_branches": [], "missing_branches": [[55, 56], [55, 58], [58, 59], [58, 61], [66, 67], [66, 69], [73, 74], [73, 76]], "functions": {"create_tool": {"executed_lines": [43, 45, 78], "summary": {"covered_lines": 3, "num_statements": 3, "percent_covered": 100.0, "percent_covered_display": "100", "missing_lines": 0, "excluded_lines": 0, "percent_statements_covered": 100.0, "percent_statements_covered_display": "100", "num_branches": 0, "num_partial_branches": 0, "covered_branches": 0, "missing_branches": 0, "percent_branches_covered": 100.0, "percent_branches_covered_display": "100"}, "missing_lines": [], "excluded_lines": [], "executed_branches": [], "missing_branches": []}, "create_tool.execute": {"executed_lines": [], "summary": {"covered_lines": 0, "num_statements": 15, "percent_covered": 0.0, "percent_covered_display": "0", "missing_lines": 15, "excluded_lines": 0, "percent_statements_covered": 0.0, "percent_statements_covered_display": "0", "num_branches": 8, "num_partial_branches": 0, "covered_branches": 0, "missing_branches": 8, "percent_branches_covered": 0.0, "percent_branches_covered_display": "0"}, "missing_lines": [53, 55, 56, 58, 59, 61, 62, 65, 66, 67, 69, 72, 73, 74, 76], "excluded_lines": [], "executed_branches": [], "missing_branches": [[55, 56], [55, 58], [58, 59], [58, 61], [66, 67], [66, 69], [73, 74], [73, 76]]}, "": {"executed_lines": [1, 7, 9, 10, 12, 13, 15, 41], "summary": {"covered_lines": 7, "num_statements": 7, "percent_covered": 100.0, "percent_covered_display": "100", "missing_lines": 0, "excluded_lines": 0, "percent_statements_covered": 100.0, "percent_statements_covered_display": "100", "num_branches": 0, "num_partial_branches": 0, "covered_branches": 0, "missing_branches": 0, "percent_branches_covered": 100.0, "percent_branches_covered_display": "100"}, "missing_lines": [], "excluded_lines": [], "executed_branches": [], "missing_branches": []}}, "classes": {"": {"executed_lines": [1, 7, 9, 10, 12, 13, 15, 41, 43, 45, 78], "summary": {"covered_lines": 10, "num_statements": 25, "percent_covered": 30.303030303030305, "percent_covered_display": "30", "missing_lines": 15, "excluded_lines": 0, "percent_statements_covered": 40.0, "percent_statements_covered_display": "40", "num_branches": 8, "num_partial_branches": 0, "covered_branches": 0, "missing_branches": 8, "percent_branches_covered": 0.0, "percent_branches_covered_display": "0"}, "missing_lines": [53, 55, 56, 58, 59, 61, 62, 65, 66, 67, 69, 72, 73, 74, 76], "excluded_lines": [], "executed_branches": [], "missing_branches": [[55, 56], [55, 58], [58, 59], [58, 61], [66, 67], [66, 69], [73, 74], [73, 76]]}}}, "arcagent/tools/write.py": {"executed_lines": [1, 6, 8, 9, 11, 12, 14, 33, 35, 37, 51], "summary": {"covered_lines": 10, "num_statements": 14, "percent_covered": 71.42857142857143, "percent_covered_display": "71", "missing_lines": 4, "excluded_lines": 0, "percent_statements_covered": 71.42857142857143, "percent_statements_covered_display": "71", "num_branches": 0, "num_partial_branches": 0, "covered_branches": 0, "missing_branches": 0, "percent_branches_covered": 100.0, "percent_branches_covered_display": "100"}, "missing_lines": [44, 46, 47, 49], "excluded_lines": [], "executed_branches": [], "missing_branches": [], "functions": {"create_tool": {"executed_lines": [35, 37, 51], "summary": {"covered_lines": 3, "num_statements": 3, "percent_covered": 100.0, "percent_covered_display": "100", "missing_lines": 0, "excluded_lines": 0, "percent_statements_covered": 100.0, "percent_statements_covered_display": "100", "num_branches": 0, "num_partial_branches": 0, "covered_branches": 0, "missing_branches": 0, "percent_branches_covered": 100.0, "percent_branches_covered_display": "100"}, "missing_lines": [], "excluded_lines": [], "executed_branches": [], "missing_branches": []}, "create_tool.execute": {"executed_lines": [], "summary": {"covered_lines": 0, "num_statements": 4, "percent_covered": 0.0, "percent_covered_display": "0", "missing_lines": 4, "excluded_lines": 0, "percent_statements_covered": 0.0, "percent_statements_covered_display": "0", "num_branches": 0, "num_partial_branches": 0, "covered_branches": 0, "missing_branches": 0, "percent_branches_covered": 100.0, "percent_branches_covered_display": "100"}, "missing_lines": [44, 46, 47, 49], "excluded_lines": [], "executed_branches": [], "missing_branches": []}, "": {"executed_lines": [1, 6, 8, 9, 11, 12, 14, 33], "summary": {"covered_lines": 7, "num_statements": 7, "percent_covered": 100.0, "percent_covered_display": "100", "missing_lines": 0, "excluded_lines": 0, "percent_statements_covered": 100.0, "percent_statements_covered_display": "100", "num_branches": 0, "num_partial_branches": 0, "covered_branches": 0, "missing_branches": 0, "percent_branches_covered": 100.0, "percent_branches_covered_display": "100"}, "missing_lines": [], "excluded_lines": [], "executed_branches": [], "missing_branches": []}}, "classes": {"": {"executed_lines": [1, 6, 8, 9, 11, 12, 14, 33, 35, 37, 51], "summary": {"covered_lines": 10, "num_statements": 14, "percent_covered": 71.42857142857143, "percent_covered_display": "71", "missing_lines": 4, "excluded_lines": 0, "percent_statements_covered": 71.42857142857143, "percent_statements_covered_display": "71", "num_branches": 0, "num_partial_branches": 0, "covered_branches": 0, "missing_branches": 0, "percent_branches_covered": 100.0, "percent_branches_covered_display": "100"}, "missing_lines": [44, 46, 47, 49], "excluded_lines": [], "executed_branches": [], "missing_branches": []}}}}, "totals": {"covered_lines": 54, "num_statements": 117, "percent_covered": 37.241379310344826, "percent_covered_display": "37", "missing_lines": 63, "excluded_lines": 0, "percent_statements_covered": 46.15384615384615, "percent_statements_covered_display": "46", "num_branches": 28, "num_partial_branches": 0, "covered_branches": 0, "missing_branches": 28, "percent_branches_covered": 0.0, "percent_branches_covered_display": "0"}}